# JRE version: OpenJDK Runtime Environment (11.0.10) (build 11.0.10+0-b96-7249189)
# Java VM: OpenJDK 64-Bit Server VM (11.0.10+0-b96-7249189, mixed mode, tiered, compressed oops, g1 gc, windows-amd64)
Heap:
 garbage-first heap   total 769024K, used 160431K [0x0000000080000000, 0x0000000100000000)
  region size 1024K, 3 young (3072K), 3 survivors (3072K)
 Metaspace       used 111318K, capacity 114095K, committed 115712K, reserved 1148928K
  class space    used 13889K, capacity 14901K, committed 15616K, reserved 1048576K
GC Heap History (20 events):
Event: 1229.412 GC heap after
{Heap after GC invocations=309 (full 0):
 garbage-first heap   total 524288K, used 151274K [0x0000000080000000, 0x0000000100000000)
  region size 1024K, 1 young (1024K), 1 survivors (1024K)
 Metaspace       used 109173K, capacity 112410K, committed 112512K, reserved 1146880K
  class space    used 13942K, capacity 15203K, committed 15232K, reserved 1048576K
}
Event: 1260.260 GC heap before
{Heap before GC invocations=309 (full 0):
 garbage-first heap   total 524288K, used 174826K [0x0000000080000000, 0x0000000100000000)
  region size 1024K, 25 young (25600K), 1 survivors (1024K)
 Metaspace       used 110506K, capacity 113706K, committed 113792K, reserved 1146880K
  class space    used 14136K, capacity 15412K, committed 15488K, reserved 1048576K
}
Event: 1265.000 GC heap after
{Heap after GC invocations=310 (full 0):
 garbage-first heap   total 524288K, used 152707K [0x0000000080000000, 0x0000000100000000)
  region size 1024K, 3 young (3072K), 3 survivors (3072K)
 Metaspace       used 110506K, capacity 113706K, committed 113792K, reserved 1146880K
  class space    used 14136K, capacity 15412K, committed 15488K, reserved 1048576K
}
Event: 1267.157 GC heap before
{Heap before GC invocations=310 (full 0):
 garbage-first heap   total 524288K, used 175235K [0x0000000080000000, 0x0000000100000000)
  region size 1024K, 25 young (25600K), 3 survivors (3072K)
 Metaspace       used 110969K, capacity 114192K, committed 114304K, reserved 1148928K
  class space    used 14171K, capacity 15444K, committed 15488K, reserved 1048576K
}
Event: 1267.193 GC heap after
{Heap after GC invocations=311 (full 0):
 garbage-first heap   total 524288K, used 153938K [0x0000000080000000, 0x0000000100000000)
  region size 1024K, 3 young (3072K), 3 survivors (3072K)
 Metaspace       used 110969K, capacity 114192K, committed 114304K, reserved 1148928K
  class space    used 14171K, capacity 15444K, committed 15488K, reserved 1048576K
}
Event: 1269.490 GC heap before
{Heap before GC invocations=311 (full 0):
 garbage-first heap   total 524288K, used 175442K [0x0000000080000000, 0x0000000100000000)
  region size 1024K, 25 young (25600K), 3 survivors (3072K)
 Metaspace       used 111298K, capacity 114559K, committed 114816K, reserved 1148928K
  class space    used 14183K, capacity 15458K, committed 15488K, reserved 1048576K
}
Event: 1270.432 GC heap after
{Heap after GC invocations=312 (full 0):
 garbage-first heap   total 524288K, used 156227K [0x0000000080000000, 0x0000000100000000)
  region size 1024K, 4 young (4096K), 4 survivors (4096K)
 Metaspace       used 111298K, capacity 114559K, committed 114816K, reserved 1148928K
  class space    used 14183K, capacity 15458K, committed 15488K, reserved 1048576K
}
Event: 1271.274 GC heap before
{Heap before GC invocations=312 (full 0):
 garbage-first heap   total 524288K, used 176707K [0x0000000080000000, 0x0000000100000000)
  region size 1024K, 25 young (25600K), 4 survivors (4096K)
 Metaspace       used 111498K, capacity 114813K, committed 114944K, reserved 1148928K
  class space    used 14189K, capacity 15496K, committed 15616K, reserved 1048576K
}
Event: 1271.318 GC heap after
{Heap after GC invocations=313 (full 0):
 garbage-first heap   total 524288K, used 156963K [0x0000000080000000, 0x0000000100000000)
  region size 1024K, 2 young (2048K), 2 survivors (2048K)
 Metaspace       used 111498K, capacity 114813K, committed 114944K, reserved 1148928K
  class space    used 14189K, capacity 15496K, committed 15616K, reserved 1048576K
}
Event: 1274.303 GC heap before
{Heap before GC invocations=313 (full 0):
 garbage-first heap   total 524288K, used 180515K [0x0000000080000000, 0x0000000100000000)
  region size 1024K, 25 young (25600K), 2 survivors (2048K)
 Metaspace       used 111809K, capacity 115083K, committed 115456K, reserved 1148928K
  class space    used 14205K, capacity 15496K, committed 15616K, reserved 1048576K
}
Event: 1274.322 GC heap after
{Heap after GC invocations=314 (full 0):
 garbage-first heap   total 524288K, used 157724K [0x0000000080000000, 0x0000000100000000)
  region size 1024K, 2 young (2048K), 2 survivors (2048K)
 Metaspace       used 111809K, capacity 115083K, committed 115456K, reserved 1148928K
  class space    used 14205K, capacity 15496K, committed 15616K, reserved 1048576K
}
Event: 1276.020 GC heap before
{Heap before GC invocations=314 (full 0):
 garbage-first heap   total 524288K, used 180252K [0x0000000080000000, 0x0000000100000000)
  region size 1024K, 25 young (25600K), 2 survivors (2048K)
 Metaspace       used 111972K, capacity 115216K, committed 115456K, reserved 1148928K
  class space    used 14213K, capacity 15496K, committed 15616K, reserved 1048576K
}
Event: 1276.064 GC heap after
{Heap after GC invocations=315 (full 0):
 garbage-first heap   total 524288K, used 158570K [0x0000000080000000, 0x0000000100000000)
  region size 1024K, 3 young (3072K), 3 survivors (3072K)
 Metaspace       used 111972K, capacity 115216K, committed 115456K, reserved 1148928K
  class space    used 14213K, capacity 15496K, committed 15616K, reserved 1048576K
}
Event: 1278.036 GC heap before
{Heap before GC invocations=315 (full 0):
 garbage-first heap   total 524288K, used 181098K [0x0000000080000000, 0x0000000100000000)
  region size 1024K, 25 young (25600K), 3 survivors (3072K)
 Metaspace       used 112086K, capacity 115349K, committed 115712K, reserved 1148928K
  class space    used 14218K, capacity 15497K, committed 15616K, reserved 1048576K
}
Event: 1278.064 GC heap after
{Heap after GC invocations=316 (full 0):
 garbage-first heap   total 524288K, used 159420K [0x0000000080000000, 0x0000000100000000)
  region size 1024K, 3 young (3072K), 3 survivors (3072K)
 Metaspace       used 112086K, capacity 115349K, committed 115712K, reserved 1148928K
  class space    used 14218K, capacity 15497K, committed 15616K, reserved 1048576K
}
Event: 1280.401 GC heap before
{Heap before GC invocations=316 (full 0):
 garbage-first heap   total 524288K, used 180924K [0x0000000080000000, 0x0000000100000000)
  region size 1024K, 25 young (25600K), 3 survivors (3072K)
 Metaspace       used 112226K, capacity 115538K, committed 115712K, reserved 1148928K
  class space    used 14228K, capacity 15538K, committed 15616K, reserved 1048576K
}
Event: 1280.823 GC heap after
{Heap after GC invocations=317 (full 0):
 garbage-first heap   total 524288K, used 160271K [0x0000000080000000, 0x0000000100000000)
  region size 1024K, 3 young (3072K), 3 survivors (3072K)
 Metaspace       used 112226K, capacity 115538K, committed 115712K, reserved 1148928K
  class space    used 14228K, capacity 15538K, committed 15616K, reserved 1048576K
}
Event: 1299.236 GC heap before
{Heap before GC invocations=318 (full 0):
 garbage-first heap   total 524288K, used 182799K [0x0000000080000000, 0x0000000100000000)
  region size 1024K, 25 young (25600K), 3 survivors (3072K)
 Metaspace       used 111287K, capacity 114022K, committed 115712K, reserved 1148928K
  class space    used 13882K, capacity 14898K, committed 15616K, reserved 1048576K
}
Event: 1302.634 GC heap after
{Heap after GC invocations=319 (full 0):
 garbage-first heap   total 524288K, used 160125K [0x0000000080000000, 0x0000000100000000)
  region size 1024K, 2 young (2048K), 2 survivors (2048K)
 Metaspace       used 111287K, capacity 114022K, committed 115712K, reserved 1148928K
  class space    used 13882K, capacity 14898K, committed 15616K, reserved 1048576K
}
Event: 1304.248 GC heap before
{Heap before GC invocations=319 (full 0):
 garbage-first heap   total 524288K, used 182653K [0x0000000080000000, 0x0000000100000000)
  region size 1024K, 25 young (25600K), 2 survivors (2048K)
 Metaspace       used 111318K, capacity 114095K, committed 115712K, reserved 1148928K
  class space    used 13889K, capacity 14901K, committed 15616K, reserved 1048576K
}

